c:\users\haig\downloads\haig's work\graphics\fontsexamplecode_2016\glfont_fonts\debug\glfont2.obj
c:\users\haig\downloads\haig's work\graphics\fontsexamplecode_2016\glfont_fonts\debug\template.obj
c:\users\haig\downloads\haig's work\graphics\fontsexamplecode_2016\glfont_fonts\debug\vc110.pdb
c:\users\haig\downloads\home\collisiondetection\collisiondetection\debug\collisiondetectionexample.obj
c:\users\haig\downloads\home\collisiondetection\collisiondetection\debug\glfont2.obj
c:\users\haig\downloads\home\collisiondetection\collisiondetection\debug\vc110.pdb
c:\users\haig\downloads\haig's work\graphics\fontsexamplecode_2016\glfont_fonts\debug\firstopengl.ilk
c:\users\haig\downloads\haig's work\graphics\fontsexamplecode_2016\glfont_fonts\debug\firstopengl.exe
c:\users\haig\downloads\haig's work\graphics\fontsexamplecode_2016\glfont_fonts\debug\firstopengl.pdb
c:\users\haig\downloads\home\collisiondetection\collisiondetection\debug\sample.ilk
c:\users\haig\downloads\home\collisiondetection\collisiondetection\debug\sample.exe
c:\users\haig\downloads\home\collisiondetection\collisiondetection\debug\sample.pdb
c:\users\haig\downloads\home\collisiondetection\collisiondetection\debug\vc141.pdb
c:\users\haig\downloads\home\collisiondetection\collisiondetection\debug\vc141.idb
g:\computer science\0-3rd year\collisiondetection\debug\vc141.pdb
g:\computer science\0-3rd year\collisiondetection\debug\vc141.idb
g:\computer science\0-3rd year\collisiondetection\debug\collisiondetectionexample.obj
g:\computer science\0-3rd year\collisiondetection\debug\glfont2.obj
g:\computer science\github\projects\collisiondetection\debug\vc141.pdb
g:\computer science\github\projects\collisiondetection\debug\vc141.idb
g:\computer science\github\projects\collisiondetection\debug\main.obj
g:\computer science\0-3rd year\collisiondetection\debug\sample.ilk
g:\computer science\0-3rd year\collisiondetection\debug\sample.exe
g:\computer science\0-3rd year\collisiondetection\debug\sample.pdb
g:\computer science\github\projects\collisiondetection\debug\sample.exe
g:\computer science\github\projects\collisiondetection\debug\sample.ilk
g:\computer science\github\projects\collisiondetection\debug\sample.pdb
g:\computer science\github\projects\collisiondetection\debug\sample.vcxprojresolveassemblyreference.cache
g:\computer science\github\projects\collisiondetection\debug\collisiondetectionexample.obj
g:\computer science\github\projects\collisiondetection\debug\glfont2.obj
g:\computer science\github\projects\collisiondetection\debug\template.obj
g:\computer science\github\projects\collisiondetection\debug\firstopengl.ilk
g:\computer science\github\projects\collisiondetection\debug\cl.command.1.tlog
g:\computer science\github\projects\collisiondetection\debug\cl.read.1.tlog
g:\computer science\github\projects\collisiondetection\debug\cl.write.1.tlog
g:\computer science\github\projects\collisiondetection\debug\link-cvtres.read.1.tlog
g:\computer science\github\projects\collisiondetection\debug\link-cvtres.write.1.tlog
g:\computer science\github\projects\collisiondetection\debug\link-rc.read.1.tlog
g:\computer science\github\projects\collisiondetection\debug\link-rc.write.1.tlog
g:\computer science\github\projects\collisiondetection\debug\link.10208-cvtres.read.1.tlog
g:\computer science\github\projects\collisiondetection\debug\link.10208-cvtres.write.1.tlog
g:\computer science\github\projects\collisiondetection\debug\link.10208-rc.read.1.tlog
g:\computer science\github\projects\collisiondetection\debug\link.10208-rc.write.1.tlog
g:\computer science\github\projects\collisiondetection\debug\link.10208.read.1.tlog
g:\computer science\github\projects\collisiondetection\debug\link.10208.write.1.tlog
g:\computer science\github\projects\collisiondetection\debug\link.10228-cvtres.read.1.tlog
g:\computer science\github\projects\collisiondetection\debug\link.10228-cvtres.write.1.tlog
g:\computer science\github\projects\collisiondetection\debug\link.10228-rc.read.1.tlog
g:\computer science\github\projects\collisiondetection\debug\link.10228-rc.write.1.tlog
g:\computer science\github\projects\collisiondetection\debug\link.10228.read.1.tlog
g:\computer science\github\projects\collisiondetection\debug\link.10228.write.1.tlog
g:\computer science\github\projects\collisiondetection\debug\link.10756-cvtres.read.1.tlog
g:\computer science\github\projects\collisiondetection\debug\link.10756-cvtres.write.1.tlog
g:\computer science\github\projects\collisiondetection\debug\link.10756-rc.read.1.tlog
g:\computer science\github\projects\collisiondetection\debug\link.10756-rc.write.1.tlog
g:\computer science\github\projects\collisiondetection\debug\link.10756.read.1.tlog
g:\computer science\github\projects\collisiondetection\debug\link.10756.write.1.tlog
g:\computer science\github\projects\collisiondetection\debug\link.1080-cvtres.read.1.tlog
g:\computer science\github\projects\collisiondetection\debug\link.1080-cvtres.write.1.tlog
g:\computer science\github\projects\collisiondetection\debug\link.1080-rc.read.1.tlog
g:\computer science\github\projects\collisiondetection\debug\link.1080-rc.write.1.tlog
g:\computer science\github\projects\collisiondetection\debug\link.1080.read.1.tlog
g:\computer science\github\projects\collisiondetection\debug\link.1080.write.1.tlog
g:\computer science\github\projects\collisiondetection\debug\link.10800-cvtres.read.1.tlog
g:\computer science\github\projects\collisiondetection\debug\link.10800-cvtres.write.1.tlog
g:\computer science\github\projects\collisiondetection\debug\link.10800-rc.read.1.tlog
g:\computer science\github\projects\collisiondetection\debug\link.10800-rc.write.1.tlog
g:\computer science\github\projects\collisiondetection\debug\link.10800.read.1.tlog
g:\computer science\github\projects\collisiondetection\debug\link.10800.write.1.tlog
g:\computer science\github\projects\collisiondetection\debug\link.10900-cvtres.read.1.tlog
g:\computer science\github\projects\collisiondetection\debug\link.10900-cvtres.write.1.tlog
g:\computer science\github\projects\collisiondetection\debug\link.10900-rc.read.1.tlog
g:\computer science\github\projects\collisiondetection\debug\link.10900-rc.write.1.tlog
g:\computer science\github\projects\collisiondetection\debug\link.10900.read.1.tlog
g:\computer science\github\projects\collisiondetection\debug\link.10900.write.1.tlog
g:\computer science\github\projects\collisiondetection\debug\link.11032-cvtres.read.1.tlog
g:\computer science\github\projects\collisiondetection\debug\link.11032-cvtres.write.1.tlog
g:\computer science\github\projects\collisiondetection\debug\link.11032-rc.read.1.tlog
g:\computer science\github\projects\collisiondetection\debug\link.11032-rc.write.1.tlog
g:\computer science\github\projects\collisiondetection\debug\link.11032.read.1.tlog
g:\computer science\github\projects\collisiondetection\debug\link.11032.write.1.tlog
g:\computer science\github\projects\collisiondetection\debug\link.11268-cvtres.read.1.tlog
g:\computer science\github\projects\collisiondetection\debug\link.11268-cvtres.write.1.tlog
g:\computer science\github\projects\collisiondetection\debug\link.11268-rc.read.1.tlog
g:\computer science\github\projects\collisiondetection\debug\link.11268-rc.write.1.tlog
g:\computer science\github\projects\collisiondetection\debug\link.11268.read.1.tlog
g:\computer science\github\projects\collisiondetection\debug\link.11268.write.1.tlog
g:\computer science\github\projects\collisiondetection\debug\link.11488-cvtres.read.1.tlog
g:\computer science\github\projects\collisiondetection\debug\link.11488-cvtres.write.1.tlog
g:\computer science\github\projects\collisiondetection\debug\link.11488-rc.read.1.tlog
g:\computer science\github\projects\collisiondetection\debug\link.11488-rc.write.1.tlog
g:\computer science\github\projects\collisiondetection\debug\link.11488.read.1.tlog
g:\computer science\github\projects\collisiondetection\debug\link.11488.write.1.tlog
g:\computer science\github\projects\collisiondetection\debug\link.11548-cvtres.read.1.tlog
g:\computer science\github\projects\collisiondetection\debug\link.11548-cvtres.write.1.tlog
g:\computer science\github\projects\collisiondetection\debug\link.11548-rc.read.1.tlog
g:\computer science\github\projects\collisiondetection\debug\link.11548-rc.write.1.tlog
g:\computer science\github\projects\collisiondetection\debug\link.11548.read.1.tlog
g:\computer science\github\projects\collisiondetection\debug\link.11548.write.1.tlog
g:\computer science\github\projects\collisiondetection\debug\link.116-cvtres.read.1.tlog
g:\computer science\github\projects\collisiondetection\debug\link.116-cvtres.write.1.tlog
g:\computer science\github\projects\collisiondetection\debug\link.116-rc.read.1.tlog
g:\computer science\github\projects\collisiondetection\debug\link.116-rc.write.1.tlog
g:\computer science\github\projects\collisiondetection\debug\link.116.read.1.tlog
g:\computer science\github\projects\collisiondetection\debug\link.116.write.1.tlog
g:\computer science\github\projects\collisiondetection\debug\link.11880-cvtres.read.1.tlog
g:\computer science\github\projects\collisiondetection\debug\link.11880-cvtres.write.1.tlog
g:\computer science\github\projects\collisiondetection\debug\link.11880-rc.read.1.tlog
g:\computer science\github\projects\collisiondetection\debug\link.11880-rc.write.1.tlog
g:\computer science\github\projects\collisiondetection\debug\link.11880.read.1.tlog
g:\computer science\github\projects\collisiondetection\debug\link.11880.write.1.tlog
g:\computer science\github\projects\collisiondetection\debug\link.12556-cvtres.read.1.tlog
g:\computer science\github\projects\collisiondetection\debug\link.12556-cvtres.write.1.tlog
g:\computer science\github\projects\collisiondetection\debug\link.12556-rc.read.1.tlog
g:\computer science\github\projects\collisiondetection\debug\link.12556-rc.write.1.tlog
g:\computer science\github\projects\collisiondetection\debug\link.12556.read.1.tlog
g:\computer science\github\projects\collisiondetection\debug\link.12556.write.1.tlog
g:\computer science\github\projects\collisiondetection\debug\link.12996-cvtres.read.1.tlog
g:\computer science\github\projects\collisiondetection\debug\link.12996-cvtres.write.1.tlog
g:\computer science\github\projects\collisiondetection\debug\link.12996-rc.read.1.tlog
g:\computer science\github\projects\collisiondetection\debug\link.12996-rc.write.1.tlog
g:\computer science\github\projects\collisiondetection\debug\link.12996.read.1.tlog
g:\computer science\github\projects\collisiondetection\debug\link.12996.write.1.tlog
g:\computer science\github\projects\collisiondetection\debug\link.13100-cvtres.read.1.tlog
g:\computer science\github\projects\collisiondetection\debug\link.13100-cvtres.write.1.tlog
g:\computer science\github\projects\collisiondetection\debug\link.13100-rc.read.1.tlog
g:\computer science\github\projects\collisiondetection\debug\link.13100-rc.write.1.tlog
g:\computer science\github\projects\collisiondetection\debug\link.13100.read.1.tlog
g:\computer science\github\projects\collisiondetection\debug\link.13100.write.1.tlog
g:\computer science\github\projects\collisiondetection\debug\link.13720-cvtres.read.1.tlog
g:\computer science\github\projects\collisiondetection\debug\link.13720-cvtres.write.1.tlog
g:\computer science\github\projects\collisiondetection\debug\link.13720-rc.read.1.tlog
g:\computer science\github\projects\collisiondetection\debug\link.13720-rc.write.1.tlog
g:\computer science\github\projects\collisiondetection\debug\link.13720.read.1.tlog
g:\computer science\github\projects\collisiondetection\debug\link.13720.write.1.tlog
g:\computer science\github\projects\collisiondetection\debug\link.1456-cvtres.read.1.tlog
g:\computer science\github\projects\collisiondetection\debug\link.1456-cvtres.write.1.tlog
g:\computer science\github\projects\collisiondetection\debug\link.1456-rc.read.1.tlog
g:\computer science\github\projects\collisiondetection\debug\link.1456-rc.write.1.tlog
g:\computer science\github\projects\collisiondetection\debug\link.1456.read.1.tlog
g:\computer science\github\projects\collisiondetection\debug\link.1456.write.1.tlog
g:\computer science\github\projects\collisiondetection\debug\link.14964-cvtres.read.1.tlog
g:\computer science\github\projects\collisiondetection\debug\link.14964-cvtres.write.1.tlog
g:\computer science\github\projects\collisiondetection\debug\link.14964-rc.read.1.tlog
g:\computer science\github\projects\collisiondetection\debug\link.14964-rc.write.1.tlog
g:\computer science\github\projects\collisiondetection\debug\link.14964.read.1.tlog
g:\computer science\github\projects\collisiondetection\debug\link.14964.write.1.tlog
g:\computer science\github\projects\collisiondetection\debug\link.2156-cvtres.read.1.tlog
g:\computer science\github\projects\collisiondetection\debug\link.2156-cvtres.write.1.tlog
g:\computer science\github\projects\collisiondetection\debug\link.2156-rc.read.1.tlog
g:\computer science\github\projects\collisiondetection\debug\link.2156-rc.write.1.tlog
g:\computer science\github\projects\collisiondetection\debug\link.2156.read.1.tlog
g:\computer science\github\projects\collisiondetection\debug\link.2156.write.1.tlog
g:\computer science\github\projects\collisiondetection\debug\link.3324-cvtres.read.1.tlog
g:\computer science\github\projects\collisiondetection\debug\link.3324-cvtres.write.1.tlog
g:\computer science\github\projects\collisiondetection\debug\link.3324-rc.read.1.tlog
g:\computer science\github\projects\collisiondetection\debug\link.3324-rc.write.1.tlog
g:\computer science\github\projects\collisiondetection\debug\link.3324.read.1.tlog
g:\computer science\github\projects\collisiondetection\debug\link.3324.write.1.tlog
g:\computer science\github\projects\collisiondetection\debug\link.3476-cvtres.read.1.tlog
g:\computer science\github\projects\collisiondetection\debug\link.3476-cvtres.write.1.tlog
g:\computer science\github\projects\collisiondetection\debug\link.3476-rc.read.1.tlog
g:\computer science\github\projects\collisiondetection\debug\link.3476-rc.write.1.tlog
g:\computer science\github\projects\collisiondetection\debug\link.3476.read.1.tlog
g:\computer science\github\projects\collisiondetection\debug\link.3476.write.1.tlog
g:\computer science\github\projects\collisiondetection\debug\link.3508-cvtres.read.1.tlog
g:\computer science\github\projects\collisiondetection\debug\link.3508-cvtres.write.1.tlog
g:\computer science\github\projects\collisiondetection\debug\link.3508-rc.read.1.tlog
g:\computer science\github\projects\collisiondetection\debug\link.3508-rc.write.1.tlog
g:\computer science\github\projects\collisiondetection\debug\link.3508.read.1.tlog
g:\computer science\github\projects\collisiondetection\debug\link.3508.write.1.tlog
g:\computer science\github\projects\collisiondetection\debug\link.3616-cvtres.read.1.tlog
g:\computer science\github\projects\collisiondetection\debug\link.3616-cvtres.write.1.tlog
g:\computer science\github\projects\collisiondetection\debug\link.3616-rc.read.1.tlog
g:\computer science\github\projects\collisiondetection\debug\link.3616-rc.write.1.tlog
g:\computer science\github\projects\collisiondetection\debug\link.3616.read.1.tlog
g:\computer science\github\projects\collisiondetection\debug\link.3616.write.1.tlog
g:\computer science\github\projects\collisiondetection\debug\link.3648-cvtres.read.1.tlog
g:\computer science\github\projects\collisiondetection\debug\link.3648-cvtres.write.1.tlog
g:\computer science\github\projects\collisiondetection\debug\link.3648-rc.read.1.tlog
g:\computer science\github\projects\collisiondetection\debug\link.3648-rc.write.1.tlog
g:\computer science\github\projects\collisiondetection\debug\link.3648.read.1.tlog
g:\computer science\github\projects\collisiondetection\debug\link.3648.write.1.tlog
g:\computer science\github\projects\collisiondetection\debug\link.3668-cvtres.read.1.tlog
g:\computer science\github\projects\collisiondetection\debug\link.3668-cvtres.write.1.tlog
g:\computer science\github\projects\collisiondetection\debug\link.3668-rc.read.1.tlog
g:\computer science\github\projects\collisiondetection\debug\link.3668-rc.write.1.tlog
g:\computer science\github\projects\collisiondetection\debug\link.3668.read.1.tlog
g:\computer science\github\projects\collisiondetection\debug\link.3668.write.1.tlog
g:\computer science\github\projects\collisiondetection\debug\link.3724-cvtres.read.1.tlog
g:\computer science\github\projects\collisiondetection\debug\link.3724-cvtres.write.1.tlog
g:\computer science\github\projects\collisiondetection\debug\link.3724-rc.read.1.tlog
g:\computer science\github\projects\collisiondetection\debug\link.3724-rc.write.1.tlog
g:\computer science\github\projects\collisiondetection\debug\link.3724.read.1.tlog
g:\computer science\github\projects\collisiondetection\debug\link.3724.write.1.tlog
g:\computer science\github\projects\collisiondetection\debug\link.3964-cvtres.read.1.tlog
g:\computer science\github\projects\collisiondetection\debug\link.3964-cvtres.write.1.tlog
g:\computer science\github\projects\collisiondetection\debug\link.3964-rc.read.1.tlog
g:\computer science\github\projects\collisiondetection\debug\link.3964-rc.write.1.tlog
g:\computer science\github\projects\collisiondetection\debug\link.3964.read.1.tlog
g:\computer science\github\projects\collisiondetection\debug\link.3964.write.1.tlog
g:\computer science\github\projects\collisiondetection\debug\link.4252-cvtres.read.1.tlog
g:\computer science\github\projects\collisiondetection\debug\link.4252-cvtres.write.1.tlog
g:\computer science\github\projects\collisiondetection\debug\link.4252-rc.read.1.tlog
g:\computer science\github\projects\collisiondetection\debug\link.4252-rc.write.1.tlog
g:\computer science\github\projects\collisiondetection\debug\link.4252.read.1.tlog
g:\computer science\github\projects\collisiondetection\debug\link.4252.write.1.tlog
g:\computer science\github\projects\collisiondetection\debug\link.4772-cvtres.read.1.tlog
g:\computer science\github\projects\collisiondetection\debug\link.4772-cvtres.write.1.tlog
g:\computer science\github\projects\collisiondetection\debug\link.4772-rc.read.1.tlog
g:\computer science\github\projects\collisiondetection\debug\link.4772-rc.write.1.tlog
g:\computer science\github\projects\collisiondetection\debug\link.4772.read.1.tlog
g:\computer science\github\projects\collisiondetection\debug\link.4772.write.1.tlog
g:\computer science\github\projects\collisiondetection\debug\link.508-cvtres.read.1.tlog
g:\computer science\github\projects\collisiondetection\debug\link.508-cvtres.write.1.tlog
g:\computer science\github\projects\collisiondetection\debug\link.508-rc.read.1.tlog
g:\computer science\github\projects\collisiondetection\debug\link.508-rc.write.1.tlog
g:\computer science\github\projects\collisiondetection\debug\link.508.read.1.tlog
g:\computer science\github\projects\collisiondetection\debug\link.508.write.1.tlog
g:\computer science\github\projects\collisiondetection\debug\link.5248-cvtres.read.1.tlog
g:\computer science\github\projects\collisiondetection\debug\link.5248-cvtres.write.1.tlog
g:\computer science\github\projects\collisiondetection\debug\link.5248-rc.read.1.tlog
g:\computer science\github\projects\collisiondetection\debug\link.5248-rc.write.1.tlog
g:\computer science\github\projects\collisiondetection\debug\link.5248.read.1.tlog
g:\computer science\github\projects\collisiondetection\debug\link.5248.write.1.tlog
g:\computer science\github\projects\collisiondetection\debug\link.5260-cvtres.read.1.tlog
g:\computer science\github\projects\collisiondetection\debug\link.5260-cvtres.write.1.tlog
g:\computer science\github\projects\collisiondetection\debug\link.5260-rc.read.1.tlog
g:\computer science\github\projects\collisiondetection\debug\link.5260-rc.write.1.tlog
g:\computer science\github\projects\collisiondetection\debug\link.5260.read.1.tlog
g:\computer science\github\projects\collisiondetection\debug\link.5260.write.1.tlog
g:\computer science\github\projects\collisiondetection\debug\link.5528-cvtres.read.1.tlog
g:\computer science\github\projects\collisiondetection\debug\link.5528-cvtres.write.1.tlog
g:\computer science\github\projects\collisiondetection\debug\link.5528-rc.read.1.tlog
g:\computer science\github\projects\collisiondetection\debug\link.5528-rc.write.1.tlog
g:\computer science\github\projects\collisiondetection\debug\link.5528.read.1.tlog
g:\computer science\github\projects\collisiondetection\debug\link.5528.write.1.tlog
g:\computer science\github\projects\collisiondetection\debug\link.5684-cvtres.read.1.tlog
g:\computer science\github\projects\collisiondetection\debug\link.5684-cvtres.write.1.tlog
g:\computer science\github\projects\collisiondetection\debug\link.5684-rc.read.1.tlog
g:\computer science\github\projects\collisiondetection\debug\link.5684-rc.write.1.tlog
g:\computer science\github\projects\collisiondetection\debug\link.5684.read.1.tlog
g:\computer science\github\projects\collisiondetection\debug\link.5684.write.1.tlog
g:\computer science\github\projects\collisiondetection\debug\link.6180-cvtres.read.1.tlog
g:\computer science\github\projects\collisiondetection\debug\link.6180-cvtres.write.1.tlog
g:\computer science\github\projects\collisiondetection\debug\link.6180-rc.read.1.tlog
g:\computer science\github\projects\collisiondetection\debug\link.6180-rc.write.1.tlog
g:\computer science\github\projects\collisiondetection\debug\link.6180.read.1.tlog
g:\computer science\github\projects\collisiondetection\debug\link.6180.write.1.tlog
g:\computer science\github\projects\collisiondetection\debug\link.6512-cvtres.read.1.tlog
g:\computer science\github\projects\collisiondetection\debug\link.6512-cvtres.write.1.tlog
g:\computer science\github\projects\collisiondetection\debug\link.6512-rc.read.1.tlog
g:\computer science\github\projects\collisiondetection\debug\link.6512-rc.write.1.tlog
g:\computer science\github\projects\collisiondetection\debug\link.6512.read.1.tlog
g:\computer science\github\projects\collisiondetection\debug\link.6512.write.1.tlog
g:\computer science\github\projects\collisiondetection\debug\link.6536-cvtres.read.1.tlog
g:\computer science\github\projects\collisiondetection\debug\link.6536-cvtres.write.1.tlog
g:\computer science\github\projects\collisiondetection\debug\link.6536-rc.read.1.tlog
g:\computer science\github\projects\collisiondetection\debug\link.6536-rc.write.1.tlog
g:\computer science\github\projects\collisiondetection\debug\link.6536.read.1.tlog
g:\computer science\github\projects\collisiondetection\debug\link.6536.write.1.tlog
g:\computer science\github\projects\collisiondetection\debug\link.6600-cvtres.read.1.tlog
g:\computer science\github\projects\collisiondetection\debug\link.6600-cvtres.write.1.tlog
g:\computer science\github\projects\collisiondetection\debug\link.6600-rc.read.1.tlog
g:\computer science\github\projects\collisiondetection\debug\link.6600-rc.write.1.tlog
g:\computer science\github\projects\collisiondetection\debug\link.6600.read.1.tlog
g:\computer science\github\projects\collisiondetection\debug\link.6600.write.1.tlog
g:\computer science\github\projects\collisiondetection\debug\link.6612-cvtres.read.1.tlog
g:\computer science\github\projects\collisiondetection\debug\link.6612-cvtres.write.1.tlog
g:\computer science\github\projects\collisiondetection\debug\link.6612-rc.read.1.tlog
g:\computer science\github\projects\collisiondetection\debug\link.6612-rc.write.1.tlog
g:\computer science\github\projects\collisiondetection\debug\link.6612.read.1.tlog
g:\computer science\github\projects\collisiondetection\debug\link.6612.write.1.tlog
g:\computer science\github\projects\collisiondetection\debug\link.6632-cvtres.read.1.tlog
g:\computer science\github\projects\collisiondetection\debug\link.6632-cvtres.write.1.tlog
g:\computer science\github\projects\collisiondetection\debug\link.6632-rc.read.1.tlog
g:\computer science\github\projects\collisiondetection\debug\link.6632-rc.write.1.tlog
g:\computer science\github\projects\collisiondetection\debug\link.6632.read.1.tlog
g:\computer science\github\projects\collisiondetection\debug\link.6632.write.1.tlog
g:\computer science\github\projects\collisiondetection\debug\link.6712-cvtres.read.1.tlog
g:\computer science\github\projects\collisiondetection\debug\link.6712-cvtres.write.1.tlog
g:\computer science\github\projects\collisiondetection\debug\link.6712-rc.read.1.tlog
g:\computer science\github\projects\collisiondetection\debug\link.6712-rc.write.1.tlog
g:\computer science\github\projects\collisiondetection\debug\link.6712.read.1.tlog
g:\computer science\github\projects\collisiondetection\debug\link.6712.write.1.tlog
g:\computer science\github\projects\collisiondetection\debug\link.7132-cvtres.read.1.tlog
g:\computer science\github\projects\collisiondetection\debug\link.7132-cvtres.write.1.tlog
g:\computer science\github\projects\collisiondetection\debug\link.7132-rc.read.1.tlog
g:\computer science\github\projects\collisiondetection\debug\link.7132-rc.write.1.tlog
g:\computer science\github\projects\collisiondetection\debug\link.7132.read.1.tlog
g:\computer science\github\projects\collisiondetection\debug\link.7132.write.1.tlog
g:\computer science\github\projects\collisiondetection\debug\link.7180-cvtres.read.1.tlog
g:\computer science\github\projects\collisiondetection\debug\link.7180-cvtres.write.1.tlog
g:\computer science\github\projects\collisiondetection\debug\link.7180-rc.read.1.tlog
g:\computer science\github\projects\collisiondetection\debug\link.7180-rc.write.1.tlog
g:\computer science\github\projects\collisiondetection\debug\link.7180.read.1.tlog
g:\computer science\github\projects\collisiondetection\debug\link.7180.write.1.tlog
g:\computer science\github\projects\collisiondetection\debug\link.7348-cvtres.read.1.tlog
g:\computer science\github\projects\collisiondetection\debug\link.7348-cvtres.write.1.tlog
g:\computer science\github\projects\collisiondetection\debug\link.7348-rc.read.1.tlog
g:\computer science\github\projects\collisiondetection\debug\link.7348-rc.write.1.tlog
g:\computer science\github\projects\collisiondetection\debug\link.7348.read.1.tlog
g:\computer science\github\projects\collisiondetection\debug\link.7348.write.1.tlog
g:\computer science\github\projects\collisiondetection\debug\link.7400-cvtres.read.1.tlog
g:\computer science\github\projects\collisiondetection\debug\link.7400-cvtres.write.1.tlog
g:\computer science\github\projects\collisiondetection\debug\link.7400-rc.read.1.tlog
g:\computer science\github\projects\collisiondetection\debug\link.7400-rc.write.1.tlog
g:\computer science\github\projects\collisiondetection\debug\link.7400.read.1.tlog
g:\computer science\github\projects\collisiondetection\debug\link.7400.write.1.tlog
g:\computer science\github\projects\collisiondetection\debug\link.7656-cvtres.read.1.tlog
g:\computer science\github\projects\collisiondetection\debug\link.7656-cvtres.write.1.tlog
g:\computer science\github\projects\collisiondetection\debug\link.7656-rc.read.1.tlog
g:\computer science\github\projects\collisiondetection\debug\link.7656-rc.write.1.tlog
g:\computer science\github\projects\collisiondetection\debug\link.7656.read.1.tlog
g:\computer science\github\projects\collisiondetection\debug\link.7656.write.1.tlog
g:\computer science\github\projects\collisiondetection\debug\link.7836-cvtres.read.1.tlog
g:\computer science\github\projects\collisiondetection\debug\link.7836-cvtres.write.1.tlog
g:\computer science\github\projects\collisiondetection\debug\link.7836-rc.read.1.tlog
g:\computer science\github\projects\collisiondetection\debug\link.7836-rc.write.1.tlog
g:\computer science\github\projects\collisiondetection\debug\link.7836.read.1.tlog
g:\computer science\github\projects\collisiondetection\debug\link.7836.write.1.tlog
g:\computer science\github\projects\collisiondetection\debug\link.7996-cvtres.read.1.tlog
g:\computer science\github\projects\collisiondetection\debug\link.7996-cvtres.write.1.tlog
g:\computer science\github\projects\collisiondetection\debug\link.7996-rc.read.1.tlog
g:\computer science\github\projects\collisiondetection\debug\link.7996-rc.write.1.tlog
g:\computer science\github\projects\collisiondetection\debug\link.7996.read.1.tlog
g:\computer science\github\projects\collisiondetection\debug\link.7996.write.1.tlog
g:\computer science\github\projects\collisiondetection\debug\link.8132-cvtres.read.1.tlog
g:\computer science\github\projects\collisiondetection\debug\link.8132-cvtres.write.1.tlog
g:\computer science\github\projects\collisiondetection\debug\link.8132-rc.read.1.tlog
g:\computer science\github\projects\collisiondetection\debug\link.8132-rc.write.1.tlog
g:\computer science\github\projects\collisiondetection\debug\link.8132.read.1.tlog
g:\computer science\github\projects\collisiondetection\debug\link.8132.write.1.tlog
g:\computer science\github\projects\collisiondetection\debug\link.8168-cvtres.read.1.tlog
g:\computer science\github\projects\collisiondetection\debug\link.8168-cvtres.write.1.tlog
g:\computer science\github\projects\collisiondetection\debug\link.8168-rc.read.1.tlog
g:\computer science\github\projects\collisiondetection\debug\link.8168-rc.write.1.tlog
g:\computer science\github\projects\collisiondetection\debug\link.8168.read.1.tlog
g:\computer science\github\projects\collisiondetection\debug\link.8168.write.1.tlog
g:\computer science\github\projects\collisiondetection\debug\link.8208-cvtres.read.1.tlog
g:\computer science\github\projects\collisiondetection\debug\link.8208-cvtres.write.1.tlog
g:\computer science\github\projects\collisiondetection\debug\link.8208-rc.read.1.tlog
g:\computer science\github\projects\collisiondetection\debug\link.8208-rc.write.1.tlog
g:\computer science\github\projects\collisiondetection\debug\link.8208.read.1.tlog
g:\computer science\github\projects\collisiondetection\debug\link.8208.write.1.tlog
g:\computer science\github\projects\collisiondetection\debug\link.8212-cvtres.read.1.tlog
g:\computer science\github\projects\collisiondetection\debug\link.8212-cvtres.write.1.tlog
g:\computer science\github\projects\collisiondetection\debug\link.8212-rc.read.1.tlog
g:\computer science\github\projects\collisiondetection\debug\link.8212-rc.write.1.tlog
g:\computer science\github\projects\collisiondetection\debug\link.8212.read.1.tlog
g:\computer science\github\projects\collisiondetection\debug\link.8212.write.1.tlog
g:\computer science\github\projects\collisiondetection\debug\link.8280-cvtres.read.1.tlog
g:\computer science\github\projects\collisiondetection\debug\link.8280-cvtres.write.1.tlog
g:\computer science\github\projects\collisiondetection\debug\link.8280-rc.read.1.tlog
g:\computer science\github\projects\collisiondetection\debug\link.8280-rc.write.1.tlog
g:\computer science\github\projects\collisiondetection\debug\link.8280.read.1.tlog
g:\computer science\github\projects\collisiondetection\debug\link.8280.write.1.tlog
g:\computer science\github\projects\collisiondetection\debug\link.8456-cvtres.read.1.tlog
g:\computer science\github\projects\collisiondetection\debug\link.8456-cvtres.write.1.tlog
g:\computer science\github\projects\collisiondetection\debug\link.8456-rc.read.1.tlog
g:\computer science\github\projects\collisiondetection\debug\link.8456-rc.write.1.tlog
g:\computer science\github\projects\collisiondetection\debug\link.8456.read.1.tlog
g:\computer science\github\projects\collisiondetection\debug\link.8456.write.1.tlog
g:\computer science\github\projects\collisiondetection\debug\link.8784-cvtres.read.1.tlog
g:\computer science\github\projects\collisiondetection\debug\link.8784-cvtres.write.1.tlog
g:\computer science\github\projects\collisiondetection\debug\link.8784.read.1.tlog
g:\computer science\github\projects\collisiondetection\debug\link.8784.write.1.tlog
g:\computer science\github\projects\collisiondetection\debug\link.8792-cvtres.read.1.tlog
g:\computer science\github\projects\collisiondetection\debug\link.8792-cvtres.write.1.tlog
g:\computer science\github\projects\collisiondetection\debug\link.8792-rc.read.1.tlog
g:\computer science\github\projects\collisiondetection\debug\link.8792-rc.write.1.tlog
g:\computer science\github\projects\collisiondetection\debug\link.8792.read.1.tlog
g:\computer science\github\projects\collisiondetection\debug\link.8792.write.1.tlog
g:\computer science\github\projects\collisiondetection\debug\link.8956-cvtres.read.1.tlog
g:\computer science\github\projects\collisiondetection\debug\link.8956-cvtres.write.1.tlog
g:\computer science\github\projects\collisiondetection\debug\link.8956-rc.read.1.tlog
g:\computer science\github\projects\collisiondetection\debug\link.8956-rc.write.1.tlog
g:\computer science\github\projects\collisiondetection\debug\link.8956.read.1.tlog
g:\computer science\github\projects\collisiondetection\debug\link.8956.write.1.tlog
g:\computer science\github\projects\collisiondetection\debug\link.9052-cvtres.read.1.tlog
g:\computer science\github\projects\collisiondetection\debug\link.9052-cvtres.write.1.tlog
g:\computer science\github\projects\collisiondetection\debug\link.9052-rc.read.1.tlog
g:\computer science\github\projects\collisiondetection\debug\link.9052-rc.write.1.tlog
g:\computer science\github\projects\collisiondetection\debug\link.9052.read.1.tlog
g:\computer science\github\projects\collisiondetection\debug\link.9052.write.1.tlog
g:\computer science\github\projects\collisiondetection\debug\link.908-cvtres.read.1.tlog
g:\computer science\github\projects\collisiondetection\debug\link.908-cvtres.write.1.tlog
g:\computer science\github\projects\collisiondetection\debug\link.908-rc.read.1.tlog
g:\computer science\github\projects\collisiondetection\debug\link.908-rc.write.1.tlog
g:\computer science\github\projects\collisiondetection\debug\link.908.read.1.tlog
g:\computer science\github\projects\collisiondetection\debug\link.908.write.1.tlog
g:\computer science\github\projects\collisiondetection\debug\link.9176-cvtres.read.1.tlog
g:\computer science\github\projects\collisiondetection\debug\link.9176-cvtres.write.1.tlog
g:\computer science\github\projects\collisiondetection\debug\link.9176-rc.read.1.tlog
g:\computer science\github\projects\collisiondetection\debug\link.9176-rc.write.1.tlog
g:\computer science\github\projects\collisiondetection\debug\link.9176.read.1.tlog
g:\computer science\github\projects\collisiondetection\debug\link.9176.write.1.tlog
g:\computer science\github\projects\collisiondetection\debug\link.9256-cvtres.read.1.tlog
g:\computer science\github\projects\collisiondetection\debug\link.9256-cvtres.write.1.tlog
g:\computer science\github\projects\collisiondetection\debug\link.9256-rc.read.1.tlog
g:\computer science\github\projects\collisiondetection\debug\link.9256-rc.write.1.tlog
g:\computer science\github\projects\collisiondetection\debug\link.9256.read.1.tlog
g:\computer science\github\projects\collisiondetection\debug\link.9256.write.1.tlog
g:\computer science\github\projects\collisiondetection\debug\link.9436-cvtres.read.1.tlog
g:\computer science\github\projects\collisiondetection\debug\link.9436-cvtres.write.1.tlog
g:\computer science\github\projects\collisiondetection\debug\link.9436-rc.read.1.tlog
g:\computer science\github\projects\collisiondetection\debug\link.9436-rc.write.1.tlog
g:\computer science\github\projects\collisiondetection\debug\link.9436.read.1.tlog
g:\computer science\github\projects\collisiondetection\debug\link.9436.write.1.tlog
g:\computer science\github\projects\collisiondetection\debug\link.9592-cvtres.read.1.tlog
g:\computer science\github\projects\collisiondetection\debug\link.9592-cvtres.write.1.tlog
g:\computer science\github\projects\collisiondetection\debug\link.9592-rc.read.1.tlog
g:\computer science\github\projects\collisiondetection\debug\link.9592-rc.write.1.tlog
g:\computer science\github\projects\collisiondetection\debug\link.9592.read.1.tlog
g:\computer science\github\projects\collisiondetection\debug\link.9592.write.1.tlog
g:\computer science\github\projects\collisiondetection\debug\link.command.1.tlog
g:\computer science\github\projects\collisiondetection\debug\link.read.1.tlog
g:\computer science\github\projects\collisiondetection\debug\link.write.1.tlog
g:\computer science\github\projects\collisiondetection\debug\mt.command.1.tlog
g:\computer science\github\projects\collisiondetection\debug\mt.read.1.tlog
g:\computer science\github\projects\collisiondetection\debug\mt.write.1.tlog
g:\computer science\github\projects\collisiondetection\debug\rc.command.1.tlog
g:\computer science\github\projects\collisiondetection\debug\rc.read.1.tlog
g:\computer science\github\projects\collisiondetection\debug\rc.write.1.tlog
g:\computer science\github\projects\collisiondetection\debug\sample.write.1.tlog
g:\computer science\github\projects\collisiondetection\debug\sample.exe.embed.manifest
g:\computer science\github\projects\collisiondetection\debug\sample.exe.intermediate.manifest
g:\computer science\github\projects\collisiondetection\debug\sample.exe.embed.manifest.res
g:\computer science\github\projects\collisiondetection\debug\vc100.idb
g:\computer science\github\projects\collisiondetection\debug\vc110.idb
g:\computer science\github\projects\collisiondetection\debug\vc140.idb
g:\computer science\github\projects\collisiondetection\debug\firstopengl.pdb
g:\computer science\github\projects\collisiondetection\debug\vc100.pdb
g:\computer science\github\projects\collisiondetection\debug\vc110.pdb
g:\computer science\github\projects\collisiondetection\debug\vc140.pdb
g:\computer science\github\projects\collisiondetection\debug\sample_manifest.rc
g:\computer science\github\projects\collisiondetection\debug\sample.tlog\cl.command.1.tlog
g:\computer science\github\projects\collisiondetection\debug\sample.tlog\cl.read.1.tlog
g:\computer science\github\projects\collisiondetection\debug\sample.tlog\cl.write.1.tlog
g:\computer science\github\projects\collisiondetection\debug\sample.tlog\link.command.1.tlog
g:\computer science\github\projects\collisiondetection\debug\sample.tlog\link.read.1.tlog
g:\computer science\github\projects\collisiondetection\debug\sample.tlog\link.write.1.tlog
